2022-02-22 15:54:14.140 [main] ERROR movieSystem.class - 修改解析出了问题
2022-02-22 15:54:14.140 [main] ERROR movieSystem.class - 修改解析出了问题
2022-02-22 15:54:14.140 [main] ERROR movieSystem.class - 修改解析出了问题
2022-02-22 15:54:14.141 [main] ERROR movieSystem.class - 修改解析出了问题
2022-02-22 15:54:14.141 [main] ERROR movieSystem.class - 修改解析出了问题
2022-02-22 15:54:14.141 [main] ERROR movieSystem.class - 修改解析出了问题
2022-02-22 15:54:14.141 [main] ERROR movieSystem.class - 修改解析出了问题
2022-02-22 15:54:14.141 [main] ERROR movieSystem.class - 修改解析出了问题
2022-02-22 15:54:14.141 [main] ERROR movieSystem.class - 修改解析出了问题
2022-02-22 15:54:14.141 [main] ERROR movieSystem.class - 修改解析出了问题
2022-02-22 15:54:14.141 [main] ERROR movieSystem.class - 修改解析出了问题
2022-02-22 15:54:14.141 [main] ERROR movieSystem.class - 修改解析出了问题
2022-02-22 15:54:14.141 [main] ERROR movieSystem.class - 修改解析出了问题
2022-02-22 15:54:14.141 [main] ERROR movieSystem.class - 修改解析出了问题
2022-02-22 15:54:14.141 [main] ERROR movieSystem.class - 修改解析出了问题
2022-02-22 15:54:14.141 [main] ERROR movieSystem.class - 修改解析出了问题
2022-02-22 15:54:14.141 [main] ERROR movieSystem.class - 修改解析出了问题
2022-02-22 15:54:14.141 [main] ERROR movieSystem.class - 修改解析出了问题
2022-02-22 15:54:14.141 [main] ERROR movieSystem.class - 修改解析出了问题
2022-02-22 15:54:14.141 [main] ERROR movieSystem.class - 修改解析出了问题
2022-02-22 15:54:14.141 [main] ERROR movieSystem.class - 修改解析出了问题
2022-02-22 15:54:14.141 [main] ERROR movieSystem.class - 修改解析出了问题
2022-02-22 15:54:14.141 [main] ERROR movieSystem.class - 修改解析出了问题
2022-02-22 15:54:14.141 [main] ERROR movieSystem.class - 修改解析出了问题
2022-02-22 15:54:14.141 [main] ERROR movieSystem.class - 修改解析出了问题
2022-02-22 15:54:14.141 [main] ERROR movieSystem.class - 修改解析出了问题
2022-02-22 15:54:14.141 [main] ERROR movieSystem.class - 修改解析出了问题
2022-02-22 15:54:14.141 [main] ERROR movieSystem.class - 修改解析出了问题
2022-02-22 15:54:14.141 [main] ERROR movieSystem.class - 修改解析出了问题
2022-02-22 15:54:14.141 [main] ERROR movieSystem.class - 修改解析出了问题
2022-02-22 15:54:14.142 [main] ERROR movieSystem.class - 修改解析出了问题
2022-02-22 15:54:14.142 [main] ERROR movieSystem.class - 修改解析出了问题
2022-02-22 15:54:14.142 [main] ERROR movieSystem.class - 修改解析出了问题
2022-02-22 15:54:14.142 [main] ERROR movieSystem.class - 修改解析出了问题
2022-02-22 15:54:14.142 [main] ERROR movieSystem.class - 修改解析出了问题
2022-02-22 15:54:14.142 [main] ERROR movieSystem.class - 修改解析出了问题
2022-02-22 15:54:14.142 [main] ERROR movieSystem.class - 修改解析出了问题
2022-02-22 15:54:14.142 [main] ERROR movieSystem.class - 修改解析出了问题
2022-02-22 15:54:14.142 [main] ERROR movieSystem.class - 修改解析出了问题
2022-02-22 15:54:14.142 [main] ERROR movieSystem.class - 修改解析出了问题
2022-02-22 15:54:14.142 [main] ERROR movieSystem.class - 修改解析出了问题
2022-02-22 15:54:14.142 [main] ERROR movieSystem.class - 修改解析出了问题
2022-02-22 15:54:14.142 [main] ERROR movieSystem.class - 修改解析出了问题
2022-02-22 15:54:14.142 [main] ERROR movieSystem.class - 修改解析出了问题
2022-02-22 15:54:14.142 [main] ERROR movieSystem.class - 修改解析出了问题
2022-02-22 15:54:14.142 [main] ERROR movieSystem.class - 修改解析出了问题
2022-02-22 15:54:14.142 [main] ERROR movieSystem.class - 修改解析出了问题
2022-02-22 15:54:14.142 [main] ERROR movieSystem.class - 修改解析出了问题
2022-02-22 15:54:14.142 [main] ERROR movieSystem.class - 修改解析出了问题
2022-02-22 15:54:14.142 [main] ERROR movieSystem.class - 修改解析出了问题
2022-02-22 15:54:14.142 [main] ERROR movieSystem.class - 修改解析出了问题
2022-02-22 15:54:14.142 [main] ERROR movieSystem.class - 修改解析出了问题
2022-02-22 15:54:14.142 [main] ERROR movieSystem.class - 修改解析出了问题
2022-02-22 15:54:14.142 [main] ERROR movieSystem.class - 修改解析出了问题
2022-02-22 15:54:14.142 [main] ERROR movieSystem.class - 修改解析出了问题
2022-02-22 15:54:14.142 [main] ERROR movieSystem.class - 修改解析出了问题
2022-02-22 15:54:14.142 [main] ERROR movieSystem.class - 修改解析出了问题
2022-02-22 15:54:14.145 [main] ERROR movieSystem.class - 修改解析出了问题
2022-02-22 15:54:14.145 [main] ERROR movieSystem.class - 修改解析出了问题
2022-02-22 15:54:14.145 [main] ERROR movieSystem.class - 修改解析出了问题
2022-02-22 15:54:14.145 [main] ERROR movieSystem.class - 修改解析出了问题
2022-02-22 15:54:14.145 [main] ERROR movieSystem.class - 修改解析出了问题
2022-02-22 15:54:14.145 [main] ERROR movieSystem.class - 修改解析出了问题
2022-02-22 15:54:14.145 [main] ERROR movieSystem.class - 修改解析出了问题
2022-02-22 15:54:14.145 [main] ERROR movieSystem.class - 修改解析出了问题
2022-02-22 15:54:14.145 [main] ERROR movieSystem.class - 修改解析出了问题
2022-02-22 15:54:14.145 [main] ERROR movieSystem.class - 修改解析出了问题
2022-02-22 15:54:14.145 [main] ERROR movieSystem.class - 修改解析出了问题
2022-02-22 15:54:14.145 [main] ERROR movieSystem.class - 修改解析出了问题
2022-02-22 15:54:14.145 [main] ERROR movieSystem.class - 修改解析出了问题
2022-02-22 15:54:14.145 [main] ERROR movieSystem.class - 修改解析出了问题
2022-02-22 15:54:14.145 [main] ERROR movieSystem.class - 修改解析出了问题
2022-02-22 15:54:14.145 [main] ERROR movieSystem.class - 修改解析出了问题
2022-02-22 15:54:14.145 [main] ERROR movieSystem.class - 修改解析出了问题
2022-02-22 15:54:14.145 [main] ERROR movieSystem.class - 修改解析出了问题
2022-02-22 15:54:14.145 [main] ERROR movieSystem.class - 修改解析出了问题
2022-02-22 15:54:14.145 [main] ERROR movieSystem.class - 修改解析出了问题
2022-02-22 15:54:14.145 [main] ERROR movieSystem.class - 修改解析出了问题
2022-02-22 15:54:14.145 [main] ERROR movieSystem.class - 修改解析出了问题
2022-02-22 15:54:14.146 [main] ERROR movieSystem.class - 修改解析出了问题
2022-02-22 15:54:14.146 [main] ERROR movieSystem.class - 修改解析出了问题
2022-02-22 15:54:14.146 [main] ERROR movieSystem.class - 修改解析出了问题
2022-02-22 15:54:14.146 [main] ERROR movieSystem.class - 修改解析出了问题
2022-02-22 15:54:14.146 [main] ERROR movieSystem.class - 修改解析出了问题
2022-02-22 15:54:14.146 [main] ERROR movieSystem.class - 修改解析出了问题
2022-02-22 15:54:14.146 [main] ERROR movieSystem.class - 修改解析出了问题
2022-02-22 15:54:14.146 [main] ERROR movieSystem.class - 修改解析出了问题
2022-02-22 15:54:14.146 [main] ERROR movieSystem.class - 修改解析出了问题
2022-02-22 15:54:14.146 [main] ERROR movieSystem.class - 修改解析出了问题
2022-02-22 15:54:14.146 [main] ERROR movieSystem.class - 修改解析出了问题
2022-02-22 15:54:14.146 [main] ERROR movieSystem.class - 修改解析出了问题
2022-02-22 15:54:14.146 [main] ERROR movieSystem.class - 修改解析出了问题
2022-02-22 15:54:14.146 [main] ERROR movieSystem.class - 修改解析出了问题
2022-02-22 15:54:14.146 [main] ERROR movieSystem.class - 修改解析出了问题
2022-02-22 15:54:14.146 [main] ERROR movieSystem.class - 修改解析出了问题
2022-02-22 15:54:14.146 [main] ERROR movieSystem.class - 修改解析出了问题
2022-02-22 15:54:14.146 [main] ERROR movieSystem.class - 修改解析出了问题
2022-02-22 15:54:14.146 [main] ERROR movieSystem.class - 修改解析出了问题
2022-02-22 15:54:14.146 [main] ERROR movieSystem.class - 修改解析出了问题
2022-02-22 15:54:14.146 [main] ERROR movieSystem.class - 修改解析出了问题
2022-02-22 15:54:14.146 [main] ERROR movieSystem.class - 修改解析出了问题
2022-02-22 15:54:14.146 [main] ERROR movieSystem.class - 修改解析出了问题
2022-02-22 15:54:14.146 [main] ERROR movieSystem.class - 修改解析出了问题
2022-02-22 15:54:14.146 [main] ERROR movieSystem.class - 修改解析出了问题
2022-02-22 15:54:14.146 [main] ERROR movieSystem.class - 修改解析出了问题
2022-02-22 15:54:14.146 [main] ERROR movieSystem.class - 修改解析出了问题
2022-02-22 15:54:14.146 [main] ERROR movieSystem.class - 修改解析出了问题
2022-02-22 15:54:14.146 [main] ERROR movieSystem.class - 修改解析出了问题
2022-02-22 15:54:14.146 [main] ERROR movieSystem.class - 修改解析出了问题
2022-02-22 15:54:14.146 [main] ERROR movieSystem.class - 修改解析出了问题
2022-02-22 15:54:14.146 [main] ERROR movieSystem.class - 修改解析出了问题
2022-02-22 15:54:14.146 [main] ERROR movieSystem.class - 修改解析出了问题
2022-02-22 15:54:14.146 [main] ERROR movieSystem.class - 修改解析出了问题
2022-02-22 15:54:14.146 [main] ERROR movieSystem.class - 修改解析出了问题
2022-02-22 15:54:14.146 [main] ERROR movieSystem.class - 修改解析出了问题
2022-02-22 15:54:14.146 [main] ERROR movieSystem.class - 修改解析出了问题
2022-02-22 15:54:14.147 [main] ERROR movieSystem.class - 修改解析出了问题
2022-02-22 15:54:14.147 [main] ERROR movieSystem.class - 修改解析出了问题
2022-02-22 15:54:14.147 [main] ERROR movieSystem.class - 修改解析出了问题
2022-02-22 15:54:14.147 [main] ERROR movieSystem.class - 修改解析出了问题
2022-02-22 15:54:14.147 [main] ERROR movieSystem.class - 修改解析出了问题
2022-02-22 15:54:14.147 [main] ERROR movieSystem.class - 修改解析出了问题
2022-02-22 15:54:14.147 [main] ERROR movieSystem.class - 修改解析出了问题
2022-02-22 15:54:14.147 [main] ERROR movieSystem.class - 修改解析出了问题
2022-02-22 15:54:14.147 [main] ERROR movieSystem.class - 修改解析出了问题
2022-02-22 15:54:14.147 [main] ERROR movieSystem.class - 修改解析出了问题
2022-02-22 15:54:14.147 [main] ERROR movieSystem.class - 修改解析出了问题
2022-02-22 15:54:14.147 [main] ERROR movieSystem.class - 修改解析出了问题
2022-02-22 15:54:14.147 [main] ERROR movieSystem.class - 修改解析出了问题
2022-02-22 15:54:14.147 [main] ERROR movieSystem.class - 修改解析出了问题
2022-02-22 15:54:14.147 [main] ERROR movieSystem.class - 修改解析出了问题
2022-02-22 15:54:14.147 [main] ERROR movieSystem.class - 修改解析出了问题
2022-02-22 15:54:14.147 [main] ERROR movieSystem.class - 修改解析出了问题
2022-02-22 15:54:14.147 [main] ERROR movieSystem.class - 修改解析出了问题
2022-02-22 15:54:14.147 [main] ERROR movieSystem.class - 修改解析出了问题
2022-02-22 15:54:14.147 [main] ERROR movieSystem.class - 修改解析出了问题
2022-02-22 15:54:14.147 [main] ERROR movieSystem.class - 修改解析出了问题
2022-02-22 15:54:14.147 [main] ERROR movieSystem.class - 修改解析出了问题
2022-02-22 15:54:14.147 [main] ERROR movieSystem.class - 修改解析出了问题
2022-02-22 15:54:14.147 [main] ERROR movieSystem.class - 修改解析出了问题
2022-02-22 15:54:14.147 [main] ERROR movieSystem.class - 修改解析出了问题
2022-02-22 15:54:14.147 [main] ERROR movieSystem.class - 修改解析出了问题
2022-02-22 15:54:14.147 [main] ERROR movieSystem.class - 修改解析出了问题
2022-02-22 15:54:14.147 [main] ERROR movieSystem.class - 修改解析出了问题
2022-02-22 15:54:14.147 [main] ERROR movieSystem.class - 修改解析出了问题
2022-02-22 15:54:14.147 [main] ERROR movieSystem.class - 修改解析出了问题
2022-02-22 15:54:14.147 [main] ERROR movieSystem.class - 修改解析出了问题
2022-02-22 15:55:36.591 [main] INFO  movieSystem.class - 黑马包租婆登录系统
2022-02-22 15:55:40.240 [main] INFO  movieSystem.class - 巧克力国际影城上架电影
2022-02-22 15:56:04.237 [main] INFO  movieSystem.class - 巧克力国际影城查看系统
2022-02-22 15:56:39.735 [main] ERROR movieSystem.class - 修改解析出了问题
2022-02-22 15:56:49.372 [main] INFO  movieSystem.class - 巧克力国际影城查看系统
2022-02-22 15:57:04.598 [main] INFO  movieSystem.class - 巧克力国际影城查看系统
2022-02-22 15:58:42.815 [main] INFO  movieSystem.class - 黑马包租婆登录系统
2022-02-22 15:58:58.456 [main] INFO  movieSystem.class - 黑马包租婆登录系统
2022-02-22 16:00:17.735 [main] INFO  movieSystem.class - 黑马包租婆登录系统
2022-02-22 16:01:52.936 [main] INFO  movieSystem.class - 黑马包租婆登录系统
2022-02-22 16:01:56.337 [main] INFO  movieSystem.class - 巧克力国际影城上架电影
2022-02-22 16:02:21.984 [main] INFO  movieSystem.class - 巧克力国际影城查看系统
2022-02-22 16:14:11.020 [main] INFO  movieSystem.class - 黑马包租婆登录系统
2022-02-22 16:14:13.332 [main] INFO  movieSystem.class - 巧克力国际影城上架电影
2022-02-22 16:14:30.585 [main] INFO  movieSystem.class - 巧克力国际影城查看系统
2022-02-22 16:14:41.472 [main] INFO  movieSystem.class - 黑马关之琳登录系统
2022-02-22 16:18:10.718 [main] INFO  movieSystem.class - 黑马关之琳登录系统
2022-02-22 18:22:59.986 [main] INFO  movieSystem.class - 黑马包租婆登录系统
2022-02-22 18:23:02.914 [main] INFO  movieSystem.class - 巧克力国际影城上架电影
2022-02-22 18:23:37.497 [main] INFO  movieSystem.class - 巧克力国际影城查看系统
2022-02-22 18:23:47.723 [main] INFO  movieSystem.class - 黑马关之琳登录系统
2022-02-22 18:27:08.620 [main] INFO  movieSystem.class - 黑马包租婆登录系统
2022-02-22 18:27:10.455 [main] INFO  movieSystem.class - 巧克力国际影城上架电影
2022-02-22 18:27:30.567 [main] INFO  movieSystem.class - 巧克力国际影城查看系统
2022-02-22 18:27:45.209 [main] INFO  movieSystem.class - 黑马关之琳登录系统
2022-02-22 18:28:20.855 [main] INFO  movieSystem.class - 黑马关之琳购买霸王别姬
